<?xml version="1.0" encoding="UTF-8"?>
<!-- Generated by org.testng.reporters.JUnitReportReporter -->
<testsuite hostname="SHRAVZ-2M0VB4D" failures="0" tests="8" name="com.IPT.GIT.NYKAA.NykaaTestNGRunner" time="111.854" errors="0" timestamp="2023-07-05T18:51:16 IST" skipped="0">
  <testcase classname="com.IPT.GIT.NYKAA.NykaaTestNGRunner" name="addBag" time="18.743"/>
  <system-out/>
  <testcase classname="com.IPT.GIT.NYKAA.NykaaTestNGRunner" name="picture" time="14.332"/>
  <system-out/>
  <testcase classname="com.IPT.GIT.NYKAA.NykaaTestNGRunner" name="address" time="0.436"/>
  <system-out/>
  <testcase classname="com.IPT.GIT.NYKAA.NykaaTestNGRunner" name="goBag" time="20.525"/>
  <system-out/>
  <testcase classname="com.IPT.GIT.NYKAA.NykaaTestNGRunner" name="payment" time="6.762"/>
  <system-out/>
  <testcase classname="com.IPT.GIT.NYKAA.NykaaTestNGRunner" name="signout" time="6.297"/>
  <system-out/>
  <testcase classname="com.IPT.GIT.NYKAA.NykaaTestNGRunner" name="clear" time="5.343"/>
  <system-out/>
  <testcase classname="com.IPT.GIT.NYKAA.NykaaTestNGRunner" name="loginSearch" time="39.416"/>
  <system-out/>
</testsuite> <!-- com.IPT.GIT.NYKAA.NykaaTestNGRunner -->
